0 verbose cli [
0 verbose cli   'C:\\Program Files\\nodejs\\node.exe',
0 verbose cli   'C:\\Users\\Victor de flos\\AppData\\Roaming\\npm\\node_modules\\npm\\bin\\npm-cli.js',
0 verbose cli   'start'
0 verbose cli ]
1 info using npm@7.11.1
2 info using node@v14.16.0
3 timing npm:load:whichnode Completed in 3ms
4 timing config:load:defaults Completed in 3ms
5 timing config:load:file:C:\Users\Victor de flos\AppData\Roaming\npm\node_modules\npm\npmrc Completed in 4ms
6 timing config:load:builtin Completed in 4ms
7 timing config:load:cli Completed in 1ms
8 timing config:load:env Completed in 1ms
9 timing config:load:file:C:\Users\Victor de flos\Desktop\Angela\.npmrc Completed in 0ms
10 timing config:load:project Completed in 1ms
11 timing config:load:file:C:\Users\Victor de flos\.npmrc Completed in 1ms
12 timing config:load:user Completed in 1ms
13 timing config:load:file:C:\Users\Victor de flos\AppData\Roaming\npm\etc\npmrc Completed in 0ms
14 timing config:load:global Completed in 1ms
15 timing config:load:validate Completed in 1ms
16 timing config:load:credentials Completed in 1ms
17 timing config:load:setEnvs Completed in 1ms
18 timing config:load Completed in 16ms
19 timing npm:load:configload Completed in 17ms
20 timing npm:load:setTitle Completed in 1ms
21 timing npm:load:setupLog Completed in 2ms
22 timing npm:load:cleanupLog Completed in 3ms
23 timing npm:load:configScope Completed in 0ms
24 timing npm:load:projectScope Completed in 2ms
25 timing npm:load Completed in 28ms
26 timing config:load:flatten Completed in 4ms
27 timing command:run-script Completed in 10ms
28 timing command:start Completed in 25ms
29 notice [40m[37m[39m[49m
29 notice [40m[37mNew [33mminor[39m[37m version of npm available! [31m7.11.1[39m[37m -> [32m7.12.0[39m[37m[39m[49m
29 notice [40m[37mChangelog: [36mhttps://github.com/npm/cli/releases/tag/v7.12.0[39m[37m[39m[49m
29 notice [40m[37mRun [32mnpm install -g npm@7.12.0[39m[37m to update![39m[49m
29 notice [40m[37m[39m[49m
30 verbose stack Error: Missing script: "start"
30 verbose stack
30 verbose stack Did you mean one of these?
30 verbose stack     npm star # Mark your favorite packages
30 verbose stack     npm stars # View packages marked as favorites
30 verbose stack
30 verbose stack To see a list of scripts, run:
30 verbose stack   npm run
30 verbose stack     at RunScript.run (C:\Users\Victor de flos\AppData\Roaming\npm\node_modules\npm\lib\run-script.js:99:13)
31 verbose cwd C:\Users\Victor de flos\Desktop\Angela
32 verbose Windows_NT 10.0.21376
33 verbose argv "C:\\Program Files\\nodejs\\node.exe" "C:\\Users\\Victor de flos\\AppData\\Roaming\\npm\\node_modules\\npm\\bin\\npm-cli.js" "start"
34 verbose node v14.16.0
35 verbose npm  v7.11.1
36 error Missing script: "start"
36 error
36 error Did you mean one of these?
36 error     npm star # Mark your favorite packages
36 error     npm stars # View packages marked as favorites
36 error
36 error To see a list of scripts, run:
36 error   npm run
37 verbose exit 1
